<?xml version="1.0" encoding="UTF-8"?>
<testng-results ignored="0" total="2" passed="2" failed="0" skipped="0">
  <reporter-output>
  </reporter-output>
  <suite started-at="2021-06-12T13:34:40 IST" name="Default suite" finished-at="2021-06-12T13:34:56 IST" duration-ms="16133">
    <groups>
    </groups>
    <test started-at="2021-06-12T13:34:40 IST" name="Default test" finished-at="2021-06-12T13:34:56 IST" duration-ms="16133">
      <class name="extentReport_Package.ExtentReportDemo_TestNG">
        <test-method is-config="true" signature="setup()[pri:0, instance:extentReport_Package.ExtentReportDemo_TestNG@5acf93bb]" started-at="2021-06-12T13:34:37 IST" name="setup" finished-at="2021-06-12T13:34:40 IST" duration-ms="2834" status="PASS">
          <reporter-output>
          </reporter-output>
        </test-method> <!-- setup -->
        <test-method signature="test1()[pri:0, instance:extentReport_Package.ExtentReportDemo_TestNG@5acf93bb]" started-at="2021-06-12T13:34:40 IST" name="test1" finished-at="2021-06-12T13:34:47 IST" duration-ms="7072" status="PASS">
          <reporter-output>
          </reporter-output>
        </test-method> <!-- test1 -->
        <test-method signature="test2()[pri:0, instance:extentReport_Package.ExtentReportDemo_TestNG@5acf93bb]" started-at="2021-06-12T13:34:47 IST" name="test2" finished-at="2021-06-12T13:34:51 IST" duration-ms="4228" status="PASS">
          <reporter-output>
          </reporter-output>
        </test-method> <!-- test2 -->
        <test-method is-config="true" signature="closeBrowser()[pri:0, instance:extentReport_Package.ExtentReportDemo_TestNG@5acf93bb]" started-at="2021-06-12T13:34:51 IST" name="closeBrowser" finished-at="2021-06-12T13:34:56 IST" duration-ms="4759" status="PASS">
          <reporter-output>
          </reporter-output>
        </test-method> <!-- closeBrowser -->
        <test-method is-config="true" signature="tearDown()[pri:0, instance:extentReport_Package.ExtentReportDemo_TestNG@5acf93bb]" started-at="2021-06-12T13:34:56 IST" name="tearDown" finished-at="2021-06-12T13:34:56 IST" duration-ms="314" status="PASS">
          <reporter-output>
          </reporter-output>
        </test-method> <!-- tearDown -->
      </class> <!-- extentReport_Package.ExtentReportDemo_TestNG -->
    </test> <!-- Default test -->
  </suite> <!-- Default suite -->
</testng-results>
