<?xml version="1.0" encoding="UTF-8"?>
<testng-results ignored="0" total="1" passed="1" failed="0" skipped="0">
  <reporter-output>
  </reporter-output>
  <suite started-at="2021-06-12T12:01:19 IST" name="Default suite" finished-at="2021-06-12T12:01:19 IST" duration-ms="66">
    <groups>
    </groups>
    <test started-at="2021-06-12T12:01:19 IST" name="Default test" finished-at="2021-06-12T12:01:19 IST" duration-ms="66">
      <class name="helloWorld.helloWorldClass">
        <test-method signature="helloWorldPrint()[pri:0, instance:helloWorld.helloWorldClass@3cc1435c]" started-at="2021-06-12T12:01:19 IST" name="helloWorldPrint" finished-at="2021-06-12T12:01:19 IST" duration-ms="9" status="PASS">
          <reporter-output>
          </reporter-output>
        </test-method> <!-- helloWorldPrint -->
      </class> <!-- helloWorld.helloWorldClass -->
    </test> <!-- Default test -->
  </suite> <!-- Default suite -->
</testng-results>
